<?xml version="1.0" encoding="UTF-8" ?>
<testsuite failures="0" time="0.05" errors="0" skipped="0" tests="1" name="com.yaojun.jdbc.AppTest">
  <properties>
    <property name="java.runtime.name" value="Java(TM) SE Runtime Environment"/>
    <property name="sun.boot.library.path" value="E:\Program Files\Java\jdk1.6.0_39\jre\bin"/>
    <property name="java.vm.version" value="20.14-b01"/>
    <property name="java.vm.vendor" value="Sun Microsystems Inc."/>
    <property name="java.vendor.url" value="http://java.sun.com/"/>
    <property name="path.separator" value=";"/>
    <property name="guice.disable.misplaced.annotation.check" value="true"/>
    <property name="java.vm.name" value="Java HotSpot(TM) 64-Bit Server VM"/>
    <property name="file.encoding.pkg" value="sun.io"/>
    <property name="user.country" value="CN"/>
    <property name="sun.java.launcher" value="SUN_STANDARD"/>
    <property name="sun.os.patch.level" value=""/>
    <property name="java.vm.specification.name" value="Java Virtual Machine Specification"/>
    <property name="user.dir" value="E:\github\YDataSource\src"/>
    <property name="java.runtime.version" value="1.6.0_39-b04"/>
    <property name="java.awt.graphicsenv" value="sun.awt.Win32GraphicsEnvironment"/>
    <property name="java.endorsed.dirs" value="E:\Program Files\Java\jdk1.6.0_39\jre\lib\endorsed"/>
    <property name="os.arch" value="amd64"/>
    <property name="java.io.tmpdir" value="C:\Users\yaojun.yj\AppData\Local\Temp\"/>
    <property name="line.separator" value="
"/>
    <property name="java.vm.specification.vendor" value="Sun Microsystems Inc."/>
    <property name="user.variant" value=""/>
    <property name="os.name" value="Windows 7"/>
    <property name="classworlds.conf" value="E:\down\apache-maven-3.0.4-bin\apache-maven-3.0.4\bin\m2.conf"/>
    <property name="sun.jnu.encoding" value="GBK"/>
    <property name="java.library.path" value="E:\Program Files\Java\jdk1.6.0_39\bin;C:\windows\Sun\Java\bin;C:\windows\system32;C:\windows;E:\oracle11g\product\11.2.0\dbhome_1\bin;C:\windows\system32;C:\windows;C:\windows\System32\Wbem;;e:\Program Files (x86)\WinMerge;C:\Program Files\TortoiseSVN\bin;E:\Program Files\SlikSvn\bin;E:\down\antx\dist\antx/BIN;E:\Program Files\Java\jdk1.6.0_39\bin;E:\down\mysql-5.5.28-win32\mysql-5.5.28-win32\bin;E:\down\apache-ant-1.8.4-bin\apache-ant-1.8.4\bin;E:\down\apache-maven-3.0.4-bin\apache-maven-3.0.4\bin;E:\down\oracle_oci_10.2.0.3.0;."/>
    <property name="java.specification.name" value="Java Platform API Specification"/>
    <property name="java.class.version" value="50.0"/>
    <property name="sun.management.compiler" value="HotSpot 64-Bit Tiered Compilers"/>
    <property name="os.version" value="6.1"/>
    <property name="user.home" value="C:\Users\yaojun.yj"/>
    <property name="user.timezone" value="Asia/Shanghai"/>
    <property name="java.awt.printerjob" value="sun.awt.windows.WPrinterJob"/>
    <property name="file.encoding" value="GBK"/>
    <property name="java.specification.version" value="1.6"/>
    <property name="user.name" value="yaojun.yj"/>
    <property name="java.class.path" value="E:\down\apache-maven-3.0.4-bin\apache-maven-3.0.4\boot\plexus-classworlds-2.4.jar"/>
    <property name="java.vm.specification.version" value="1.0"/>
    <property name="sun.arch.data.model" value="64"/>
    <property name="java.home" value="E:\Program Files\Java\jdk1.6.0_39\jre"/>
    <property name="sun.java.command" value="org.codehaus.plexus.classworlds.launcher.Launcher install"/>
    <property name="java.specification.vendor" value="Sun Microsystems Inc."/>
    <property name="user.language" value="zh"/>
    <property name="awt.toolkit" value="sun.awt.windows.WToolkit"/>
    <property name="java.vm.info" value="mixed mode"/>
    <property name="java.version" value="1.6.0_39"/>
    <property name="java.ext.dirs" value="E:\Program Files\Java\jdk1.6.0_39\jre\lib\ext;C:\windows\Sun\Java\lib\ext"/>
    <property name="sun.boot.class.path" value="E:\Program Files\Java\jdk1.6.0_39\jre\lib\resources.jar;E:\Program Files\Java\jdk1.6.0_39\jre\lib\rt.jar;E:\Program Files\Java\jdk1.6.0_39\jre\lib\sunrsasign.jar;E:\Program Files\Java\jdk1.6.0_39\jre\lib\jsse.jar;E:\Program Files\Java\jdk1.6.0_39\jre\lib\jce.jar;E:\Program Files\Java\jdk1.6.0_39\jre\lib\charsets.jar;E:\Program Files\Java\jdk1.6.0_39\jre\lib\modules\jdk.boot.jar;E:\Program Files\Java\jdk1.6.0_39\jre\classes"/>
    <property name="java.vendor" value="Sun Microsystems Inc."/>
    <property name="maven.home" value="E:\down\apache-maven-3.0.4-bin\apache-maven-3.0.4"/>
    <property name="file.separator" value="\"/>
    <property name="java.vendor.url.bug" value="http://java.sun.com/cgi-bin/bugreport.cgi"/>
    <property name="sun.cpu.endian" value="little"/>
    <property name="sun.io.unicode.encoding" value="UnicodeLittle"/>
    <property name="sun.desktop" value="windows"/>
    <property name="sun.cpu.isalist" value="amd64"/>
  </properties>
  <testcase time="0.001" classname="com.yaojun.jdbc.AppTest" name="testApp"/>
</testsuite>